T1AB8 1264:221 SEGGER J-Link V6.10 Log File (0000ms, 3967ms total)
T1AB8 1264:221 DLL Compiled: Sep 14 2016 16:45:07 (0000ms, 3967ms total)
T1AB8 1264:221 Logging started @ 2017-03-06 21:11 (0000ms, 3967ms total)
T1AB8 1264:354 JLINK_ExecCommand("Device = AT91SAM3S4B", ...). Device "ATSAM3S4B" selected.  returns 0x00 (0000ms, 3967ms total)
T1AB8 1264:364 JLINK_ExecCommand("ProjectFile = C:\Users\Jani\Dropbox\projects\autopilot\jlink.config", ...).   returns 0x00 (0000ms, 3967ms total)
T1AB8 1264:462 JLINK_ExecCommand("Device = AT91SAM3S4B", ...). Device "ATSAM3S4B" selected.  returns 0x00 (0000ms, 3967ms total)
T1AB8 1264:462 JLINK_TIF_Select(JLINKARM_TIF_JTAG)  returns 0x00 (0001ms, 3968ms total)
T1AB8 1264:463 JLINK_GetIdData(...) >0x2F8 JTAG>TotalIRLen = 4, IRPrint = 0x01 >0x30 JTAG> >0x410 JTAG> >0x70 JTAG> >0x48 JTAG> >0x40 JTAG> >0x48 JTAG>AP-IDR: 0x24770011, Type: AHB-AP >0x78 JTAG> >0x40 JTAG> >0x30 JTAG> >0x40 JTAG> >0x40 JTAG> >0x30 JTAG> >0x40 JTAG> >0x48 JTAG>Found Cortex-M3 r2p0, Little endian. -- CPU_ReadMem(4 bytes @ 0xE000EDF0) -- CPU_WriteMem(4 bytes @ 0xE000EDF0) -- CPU_ReadMem(4 bytes @ 0xE0002000)FPUnit: 6 code (BP) slots and 2 literal slots -- CPU_ReadMem(4 bytes @ 0xE000EDFC)
 -- CPU_WriteMem(4 bytes @ 0xE000EDFC) -- CPU_ReadMem(4 bytes @ 0xE0001000) -- CPU_WriteMem(4 bytes @ 0xE0001000) -- CPU_ReadMem(4 bytes @ 0xE000ED88) -- CPU_WriteMem(4 bytes @ 0xE000ED88) -- CPU_ReadMem(4 bytes @ 0xE000ED88) -- CPU_WriteMem(4 bytes @ 0xE000ED88)CoreSight components:ROMTbl 0 @ E00FF000 -- CPU_ReadMem(16 bytes @ 0xE00FF000) -- CPU_ReadMem(16 bytes @ 0xE000EFF0) -- CPU_ReadMem(16 bytes @ 0xE000EFE0)ROMTbl 0 [0]: FFF0F000, CID: B105E00D, PID: 002BB000 SCS
 -- CPU_ReadMem(16 bytes @ 0xE0001FF0) -- CPU_ReadMem(16 bytes @ 0xE0001FE0)ROMTbl 0 [1]: FFF02000, CID: B105E00D, PID: 002BB002 DWT -- CPU_ReadMem(16 bytes @ 0xE0002FF0) -- CPU_ReadMem(16 bytes @ 0xE0002FE0)ROMTbl 0 [2]: FFF03000, CID: B105E00D, PID: 002BB003 FPB -- CPU_ReadMem(16 bytes @ 0xE0000FF0) -- CPU_ReadMem(16 bytes @ 0xE0000FE0)ROMTbl 0 [3]: FFF01000, CID: B105E00D, PID: 002BB001 ITM -- CPU_ReadMem(16 bytes @ 0xE00FF010) -- CPU_ReadMem(16 bytes @ 0xE0040FF0)
 -- CPU_ReadMem(16 bytes @ 0xE0040FE0)ROMTbl 0 [4]: FFF41000, CID: B105900D, PID: 002BB923 TPIU-Lite ScanLen=4 NumDevices=1 aId[0]=0x4BA00477 aIrRead[0]=0 aScanLen[0]=0 aScanRead[0]=0 (0035ms, 4003ms total)
T1AB8 1264:498 JLINK_ConfigJTAG(IRPre = 0, DRPre = 0) (0000ms, 4003ms total)
T1AB8 1264:498 JLINK_SetSpeed(4000) (0000ms, 4003ms total)
T1AB8 1264:498 JLINK_ResetPullsRESET(OFF) (0000ms, 4003ms total)
T1AB8 1264:498 JLINK_Connect() >0x2F8 JTAG>TotalIRLen = 4, IRPrint = 0x01 >0x30 JTAG> >0x410 JTAG> >0x70 JTAG> >0x48 JTAG> >0x40 JTAG> >0x48 JTAG>AP-IDR: 0x24770011, Type: AHB-AP >0x78 JTAG> >0x40 JTAG> >0x30 JTAG> >0x40 JTAG> >0x40 JTAG> >0x30 JTAG> >0x40 JTAG> >0x48 JTAG>Found Cortex-M3 r2p0, Little endian. -- CPU_ReadMem(4 bytes @ 0xE000EDF0) -- CPU_ReadMem(4 bytes @ 0xE0002000)FPUnit: 6 code (BP) slots and 2 literal slots -- CPU_ReadMem(4 bytes @ 0xE000EDFC) -- CPU_ReadMem(4 bytes @ 0xE0001000)
 -- CPU_WriteMem(4 bytes @ 0xE0001000) -- CPU_ReadMem(4 bytes @ 0xE000ED88) -- CPU_WriteMem(4 bytes @ 0xE000ED88) -- CPU_ReadMem(4 bytes @ 0xE000ED88) -- CPU_WriteMem(4 bytes @ 0xE000ED88)CoreSight components:ROMTbl 0 @ E00FF000 -- CPU_ReadMem(16 bytes @ 0xE00FF000) -- CPU_ReadMem(16 bytes @ 0xE000EFF0) -- CPU_ReadMem(16 bytes @ 0xE000EFE0)ROMTbl 0 [0]: FFF0F000, CID: B105E00D, PID: 002BB000 SCS -- CPU_ReadMem(16 bytes @ 0xE0001FF0) -- CPU_ReadMem(16 bytes @ 0xE0001FE0)
ROMTbl 0 [1]: FFF02000, CID: B105E00D, PID: 002BB002 DWT -- CPU_ReadMem(16 bytes @ 0xE0002FF0) -- CPU_ReadMem(16 bytes @ 0xE0002FE0)ROMTbl 0 [2]: FFF03000, CID: B105E00D, PID: 002BB003 FPB -- CPU_ReadMem(16 bytes @ 0xE0000FF0) -- CPU_ReadMem(16 bytes @ 0xE0000FE0)ROMTbl 0 [3]: FFF01000, CID: B105E00D, PID: 002BB001 ITM -- CPU_ReadMem(16 bytes @ 0xE00FF010) -- CPU_ReadMem(16 bytes @ 0xE0040FF0) -- CPU_ReadMem(16 bytes @ 0xE0040FE0)ROMTbl 0 [4]: FFF41000, CID: B105900D, PID: 002BB923 TPIU-Lite
  returns 0x00 (0020ms, 4023ms total)
T1AB8 1264:518 JLINK_Halt()  returns 0x00 (0004ms, 4027ms total)
T1AB8 1264:522 JLINK_WriteMem(0x400E0A04, 0x0004 Bytes, ...) - Data: 0B 01 00 5A -- CPU_WriteMem(4 bytes @ 0x400E0A04)  returns 0x04 (0000ms, 4027ms total)
T1AB8 1264:522 JLINK_ReadMem (0x400E0A08, 0x0004 Bytes, ...) -- CPU_ReadMem(4 bytes @ 0x400E0A08) - Data: 01 00 00 00  returns 0x00 (0001ms, 4028ms total)
T1AB8 1264:523 JLINK_Reset() -- CPU_ReadMem(16 bytes @ 0x20000000) -- CPU_WriteMem(16 bytes @ 0x20000000) -- CPU_ReadMem(4 bytes @ 0xE000EDFC) -- CPU_WriteMem(4 bytes @ 0xE000EDFC) -- CPU_ReadMem(4 bytes @ 0xE0001000) -- CPU_WriteMem(4 bytes @ 0xE000ED0C) -- CPU_ReadMem(4 bytes @ 0xE000EDF0) -- CPU_ReadMem(4 bytes @ 0xE000EDF0) -- CPU_WriteMem(4 bytes @ 0xE000EDFC) -- CPU_WriteMem(16 bytes @ 0x20000000) -- CPU_WriteMem(4 bytes @ 0xE0002000) -- CPU_ReadMem(4 bytes @ 0xE000EDFC)
 -- CPU_ReadMem(4 bytes @ 0xE0001000) (0026ms, 4054ms total)
T1AB8 1264:550 JLINK_JTAG_GetDeviceID(DeviceIndex = 0)  returns 0x4BA00477 (0000ms, 4054ms total)
T1AB8 1264:550 JLINK_ReadMemU32(0x400E0740, 0x0001 Items, ...) -- CPU_ReadMem(4 bytes @ 0x400E0740) - Data: 60 09 90 28  returns 0x01 (0001ms, 4055ms total)
T1AB8 1264:551 JLINK_ReadMemU32(0x400E0744, 0x0001 Items, ...) -- CPU_ReadMem(4 bytes @ 0x400E0744) - Data: 00 00 00 00  returns 0x01 (0000ms, 4055ms total)
T1AB8 1264:552 JLINK_WriteMem(0x400E0A04, 0x0004 Bytes, ...) - Data: 05 00 00 5A -- CPU_WriteMem(4 bytes @ 0x400E0A04)  returns 0x04 (0000ms, 4055ms total)
T1AB8 1264:552 JLINK_ReadMem (0x400E0A08, 0x0004 Bytes, ...) -- CPU_ReadMem(4 bytes @ 0x400E0A08) - Data: 00 00 00 00  returns 0x00 (0001ms, 4056ms total)
T1AB8 1264:554 JLINK_ReadMem (0x400E0A08, 0x0004 Bytes, ...) -- CPU_ReadMem(4 bytes @ 0x400E0A08) - Data: 00 00 00 00  returns 0x00 (0000ms, 4056ms total)
T1AB8 1264:558 JLINK_ReadMem (0x400E0A08, 0x0004 Bytes, ...) -- CPU_ReadMem(4 bytes @ 0x400E0A08) - Data: 00 00 00 00  returns 0x00 (0001ms, 4057ms total)
T1150 1264:560 JLINK_IsHalted()  returns TRUE (0000ms, 4057ms total)
T1150 1264:560 JLINK_GetMOEs(...) -- CPU_ReadMem(4 bytes @ 0xE000ED30)  returns 0x01 (0000ms, 4057ms total)
T1150 1264:560 JLINK_ReadReg(R15 (PC))  returns 0x00403EF4 (0000ms, 4057ms total)
T1AB8 1264:575 JLINK_ReadMem (0x400E0A08, 0x0004 Bytes, ...) -- CPU_ReadMem(4 bytes @ 0x400E0A08) - Data: 01 00 00 00  returns 0x00 (0000ms, 4057ms total)
T1150 1264:761 JLINK_IsHalted()  returns TRUE (0000ms, 4057ms total)
T1AB8 1264:761 JLINK_ResetPullsRESET(ON) (0000ms, 4057ms total)
T1AB8 1264:761 JLINK_ResetNoHalt() >0x2F8 JTAG>TotalIRLen = 4, IRPrint = 0x01 >0x30 JTAG> >0x410 JTAG> >0x70 JTAG> >0x48 JTAG> >0x40 JTAG> >0x48 JTAG>AP-IDR: 0x24770011, Type: AHB-AP >0x78 JTAG> >0x40 JTAG> >0x30 JTAG> >0x40 JTAG> >0x40 JTAG> >0x30 JTAG> >0x40 JTAG> >0x48 JTAG>Found Cortex-M3 r2p0, Little endian. -- CPU_ReadMem(4 bytes @ 0xE000EDF0) -- CPU_ReadMem(4 bytes @ 0xE0002000)FPUnit: 6 code (BP) slots and 2 literal slots -- CPU_ReadMem(4 bytes @ 0xE000EDFC) -- CPU_ReadMem(4 bytes @ 0xE0001000)
 -- CPU_ReadMem(4 bytes @ 0xE000ED88) -- CPU_WriteMem(4 bytes @ 0xE000ED88) -- CPU_ReadMem(4 bytes @ 0xE000ED88) -- CPU_WriteMem(4 bytes @ 0xE000ED88)CoreSight components:ROMTbl 0 @ E00FF000 -- CPU_ReadMem(16 bytes @ 0xE00FF000) -- CPU_ReadMem(16 bytes @ 0xE000EFF0) -- CPU_ReadMem(16 bytes @ 0xE000EFE0)ROMTbl 0 [0]: FFF0F000, CID: B105E00D, PID: 002BB000 SCS -- CPU_WriteMem(4 bytes @ 0xE0001000) -- CPU_ReadMem(16 bytes @ 0xE0001FF0) -- CPU_ReadMem(16 bytes @ 0xE0001FE0)
ROMTbl 0 [1]: FFF02000, CID: B105E00D, PID: 002BB002 DWT -- CPU_ReadMem(16 bytes @ 0xE0002FF0) -- CPU_ReadMem(16 bytes @ 0xE0002FE0)ROMTbl 0 [2]: FFF03000, CID: B105E00D, PID: 002BB003 FPB -- CPU_ReadMem(16 bytes @ 0xE0000FF0) -- CPU_ReadMem(16 bytes @ 0xE0000FE0)ROMTbl 0 [3]: FFF01000, CID: B105E00D, PID: 002BB001 ITM -- CPU_ReadMem(16 bytes @ 0xE00FF010) -- CPU_ReadMem(16 bytes @ 0xE0040FF0) -- CPU_ReadMem(16 bytes @ 0xE0040FE0)ROMTbl 0 [4]: FFF41000, CID: B105900D, PID: 002BB923 TPIU-Lite
                JLINK_Reset() -- CPU_ReadMem(16 bytes @ 0x20000000) -- CPU_WriteMem(16 bytes @ 0x20000000) -- CPU_ReadMem(4 bytes @ 0xE000EDFC) -- CPU_WriteMem(4 bytes @ 0xE000EDFC) -- CPU_ReadMem(4 bytes @ 0xE0001000) -- CPU_WriteMem(4 bytes @ 0xE0001004) -- CPU_WriteMem(4 bytes @ 0xE000ED0C) -- CPU_ReadMem(4 bytes @ 0xE000EDF0) -- CPU_ReadMem(4 bytes @ 0xE000EDF0) -- CPU_WriteMem(4 bytes @ 0xE000EDFC) -- CPU_WriteMem(16 bytes @ 0x20000000) -- CPU_WriteMem(4 bytes @ 0xE0002000)
 -- CPU_ReadMem(4 bytes @ 0xE000EDFC) -- CPU_ReadMem(4 bytes @ 0xE0001000) (0030ms, 0030ms total)
                JLINK_Go() -- CPU_ReadMem(4 bytes @ 0xE0001000) -- CPU_WriteMem(4 bytes @ 0xE0001004) (0002ms, 0032ms total)
               (0053ms, 4110ms total)
T1AB8 1264:814 JLINK_ExecCommand("ProjectFile = C:\Users\Jani\Dropbox\projects\autopilot\jlink.config", ...).   returns 0x00 (0001ms, 4111ms total)
T1AB8 1264:929 JLINK_ExecCommand("Device = AT91SAM3S4B", ...). Device "ATSAM3S4B" selected.  returns 0x00 (0001ms, 4112ms total)
T1AB8 1264:930 JLINK_TIF_Select(JLINKARM_TIF_JTAG)  returns 0x00 (0000ms, 4112ms total)
T1AB8 1264:930 JLINK_GetIdData(...) ScanLen=4 NumDevices=1 aId[0]=0x4BA00477 aIrRead[0]=0 aScanLen[0]=0 aScanRead[0]=0 (0000ms, 4112ms total)
T1AB8 1264:930 JLINK_ConfigJTAG(IRPre = 0, DRPre = 0) (0000ms, 4112ms total)
T1AB8 1264:930 JLINK_SetSpeed(4000) (0000ms, 4112ms total)
T1AB8 1264:930 JLINK_ResetPullsRESET(OFF) (0000ms, 4112ms total)
T1AB8 1264:930 JLINK_Connect() >0x2F8 JTAG>TotalIRLen = 4, IRPrint = 0x01 >0x30 JTAG> >0x410 JTAG> >0x70 JTAG> >0x48 JTAG> >0x40 JTAG> >0x48 JTAG>AP-IDR: 0x24770011, Type: AHB-AP >0x78 JTAG> >0x40 JTAG> >0x30 JTAG> >0x40 JTAG> >0x40 JTAG> >0x30 JTAG> >0x40 JTAG> >0x48 JTAG>Found Cortex-M3 r2p0, Little endian. -- CPU_ReadMem(4 bytes @ 0xE000EDF0) -- CPU_ReadMem(4 bytes @ 0xE0002000)FPUnit: 6 code (BP) slots and 2 literal slots -- CPU_ReadMem(4 bytes @ 0xE000EDFC) -- CPU_ReadMem(4 bytes @ 0xE0001000)
 -- CPU_WriteMem(4 bytes @ 0xE0001000) -- CPU_ReadMem(4 bytes @ 0xE000ED88) -- CPU_WriteMem(4 bytes @ 0xE000ED88) -- CPU_ReadMem(4 bytes @ 0xE000ED88) -- CPU_WriteMem(4 bytes @ 0xE000ED88)CoreSight components:ROMTbl 0 @ E00FF000 -- CPU_ReadMem(16 bytes @ 0xE00FF000) -- CPU_ReadMem(16 bytes @ 0xE000EFF0) -- CPU_ReadMem(16 bytes @ 0xE000EFE0)ROMTbl 0 [0]: FFF0F000, CID: B105E00D, PID: 002BB000 SCS -- CPU_ReadMem(16 bytes @ 0xE0001FF0) -- CPU_ReadMem(16 bytes @ 0xE0001FE0)
ROMTbl 0 [1]: FFF02000, CID: B105E00D, PID: 002BB002 DWT -- CPU_ReadMem(16 bytes @ 0xE0002FF0) -- CPU_ReadMem(16 bytes @ 0xE0002FE0)ROMTbl 0 [2]: FFF03000, CID: B105E00D, PID: 002BB003 FPB -- CPU_ReadMem(16 bytes @ 0xE0000FF0) -- CPU_ReadMem(16 bytes @ 0xE0000FE0)ROMTbl 0 [3]: FFF01000, CID: B105E00D, PID: 002BB001 ITM -- CPU_ReadMem(16 bytes @ 0xE00FF010) -- CPU_ReadMem(16 bytes @ 0xE0040FF0) -- CPU_ReadMem(16 bytes @ 0xE0040FE0)ROMTbl 0 [4]: FFF41000, CID: B105900D, PID: 002BB923 TPIU-Lite
  returns 0x00 (0021ms, 4133ms total)
T1AB8 1264:951 JLINK_Halt()  returns 0x00 (0004ms, 4137ms total)
T1AB8 1264:955 JLINK_WriteMem(0x400E0A04, 0x0004 Bytes, ...) - Data: 0B 01 00 5A -- CPU_WriteMem(4 bytes @ 0x400E0A04)  returns 0x04 (0000ms, 4137ms total)
T1AB8 1264:955 JLINK_ReadMem (0x400E0A08, 0x0004 Bytes, ...) -- CPU_ReadMem(4 bytes @ 0x400E0A08) - Data: 01 00 00 00  returns 0x00 (0001ms, 4138ms total)
T1AB8 1264:956 JLINK_Reset() -- CPU_ReadMem(16 bytes @ 0x20000000) -- CPU_WriteMem(16 bytes @ 0x20000000) -- CPU_ReadMem(4 bytes @ 0xE000EDFC) -- CPU_WriteMem(4 bytes @ 0xE000EDFC) -- CPU_ReadMem(4 bytes @ 0xE0001000) -- CPU_WriteMem(4 bytes @ 0xE000ED0C) -- CPU_ReadMem(4 bytes @ 0xE000EDF0) -- CPU_ReadMem(4 bytes @ 0xE000EDF0) -- CPU_WriteMem(4 bytes @ 0xE000EDFC) -- CPU_WriteMem(16 bytes @ 0x20000000) -- CPU_WriteMem(4 bytes @ 0xE0002000) -- CPU_ReadMem(4 bytes @ 0xE000EDFC)
 -- CPU_ReadMem(4 bytes @ 0xE0001000) (0027ms, 4165ms total)
T1AB8 1264:985 JLINK_JTAG_GetDeviceID(DeviceIndex = 0)  returns 0x4BA00477 (0000ms, 4165ms total)
T1AB8 1264:985 JLINK_ReadMemU32(0x400E0740, 0x0001 Items, ...) -- CPU_ReadMem(4 bytes @ 0x400E0740) - Data: 60 09 90 28  returns 0x01 (0000ms, 4165ms total)
T1AB8 1264:985 JLINK_ReadMemU32(0x400E0744, 0x0001 Items, ...) -- CPU_ReadMem(4 bytes @ 0x400E0744) - Data: 00 00 00 00  returns 0x01 (0001ms, 4166ms total)
T15D4 1264:994 JLINK_IsHalted()  returns TRUE (0000ms, 4166ms total)
T15D4 1264:994 JLINK_GetMOEs(...) -- CPU_ReadMem(4 bytes @ 0xE000ED30)  returns 0x01 (0000ms, 4166ms total)
T1AB8 1264:994 JLINK_BeginDownload(Flags = 0x00) (0000ms, 4166ms total)
T15D4 1264:994 JLINK_ReadReg(R15 (PC))  returns 0xFFFFFFFE (0000ms, 4166ms total)
T1AB8 1264:994 JLINK_WriteMem(0x00400000, 0x61A8 Bytes, ...) - Data: F8 0A 00 20 29 3F 40 00 0D 40 40 00 B1 3F 40 00 ...  returns 0x61A8 (0001ms, 4167ms total)
T1AB8 1264:995 JLINK_WriteMem(0x004061A8, 0x007C Bytes, ...) - Data: 00 00 00 00 00 09 3D 00 01 00 00 00 0A D7 A3 3C ...  returns 0x7C (0000ms, 4167ms total)
T1AB8 1264:998 JLINK_EndDownload()Old firmware which does not support pausing periodic actions during flash download -- -------------------------------------- -- Start of determining dirty areas in flash cache -- End of determining dirty areas -- Start of preparing flash programming -- Calculating RAM usage -- RAM usage = 3716 Bytes -- Preserving CPU registers -- Preparing memory -- Determining CPU clock frequency -- Preparing target -- Downloading RAMCode -- Checking target RAM -- Preparing RAMCode
 -- End of preparing flash programming -- CPU speed could not be measured. -- Start of comparing flash -- CRC check was estimated as fastest method -- Comparing range 0x400000 - 0x4062FF (99 Sectors, 24 KB), using multi-block CRC calculation -- CRC does not match for sectors 0-98 -- End of comparing flash -- Start of erasing sectors -- End of erasing sectors -- Start of flash programming -- Programming range 0x00400000 - 0x004062FF (099 Sectors, 24 KB) -- End of flash programming
 -- 0x400000 - 0x4062FF (099 Sectors, 24 KB) -- Start of verifying flash -- Checksum calculation was estimated as fastest method -- Checksum is not supported by this flash bank. Switched to CRC method. -- End of verifying flash -- Start of restoring -- Restoring RAMCode -- Restore target -- Restore memory -- Restoring CPU registers -- End of restoring -- Flash programming performed for 1 range (25344 bytes)
 -- Total time needed: 0.394s (Prepare: 0.042s, Compare: 0.042s, Erase: 0.000s, Program: 0.283s, Verify: 0.021s, Restore: 0.004s)  returns 0x6300 (0395ms, 4562ms total)
T15D4 1265:393 JLINK_IsHalted()  returns TRUE (0000ms, 4562ms total)
T0438 1265:497 JLINK_Halt()  returns 0x00 (0001ms, 4563ms total)
T0438 1265:498 JLINK_ReadReg(R15 (PC))  returns 0xFFFFFFFE (0000ms, 4563ms total)
T0438 1265:498 JLINK_ReadReg(R13 (SP))  returns 0xFFFFFFFC (0000ms, 4563ms total)
T0438 1265:532 JLINK_ReadReg(R0)  returns 0x400E1400 (0000ms, 4563ms total)
T0438 1265:532 JLINK_ReadReg(R1)  returns 0x00000000 (0000ms, 4563ms total)
T0438 1265:532 JLINK_ReadReg(R2)  returns 0xA5000004 (0000ms, 4563ms total)
T0438 1265:532 JLINK_ReadReg(R3)  returns 0x20000644 (0000ms, 4563ms total)
T0438 1265:532 JLINK_ReadReg(R4)  returns 0x40E6BFA0 (0000ms, 4563ms total)
T0438 1265:532 JLINK_ReadReg(R5)  returns 0x20000000 (0000ms, 4563ms total)
T0438 1265:532 JLINK_ReadReg(R6)  returns 0x0000A800 (0000ms, 4563ms total)
T0438 1265:532 JLINK_ReadReg(R7)  returns 0x200009F8 (0000ms, 4563ms total)
T0438 1265:532 JLINK_ReadReg(R8)  returns 0x11010412 (0000ms, 4563ms total)
T0438 1265:532 JLINK_ReadReg(R9)  returns 0x00008840 (0000ms, 4563ms total)
T0438 1265:532 JLINK_ReadReg(R10)  returns 0x08402280 (0000ms, 4563ms total)
T0438 1265:532 JLINK_ReadReg(R11)  returns 0x00004040 (0000ms, 4563ms total)
T0438 1265:532 JLINK_ReadReg(R12)  returns 0x0006E032 (0000ms, 4563ms total)
T0438 1265:532 JLINK_ReadReg(R13 (SP))  returns 0xFFFFFFFC (0000ms, 4563ms total)
T0438 1265:532 JLINK_ReadReg(R14)  returns 0xFFFFFFFF (0000ms, 4563ms total)
T0438 1265:532 JLINK_ReadReg(R15 (PC))  returns 0xFFFFFFFE (0000ms, 4563ms total)
T0438 1265:532 JLINK_ReadReg(XPSR)  returns 0x01000000 (0000ms, 4563ms total)
T0438 1265:532 JLINK_ReadReg(MSP)  returns 0xFFFFFFFC (0000ms, 4563ms total)
T0438 1265:532 JLINK_ReadReg(PSP)  returns 0x00900000 (0000ms, 4563ms total)
T0438 1265:532 JLINK_ReadReg(PRIMASK)  returns 0x00000000 (0000ms, 4563ms total)
T0438 1265:532 JLINK_ReadReg(BASEPRI)  returns 0x00000000 (0000ms, 4563ms total)
T0438 1265:532 JLINK_ReadReg(FAULTMASK)  returns 0x00000000 (0000ms, 4563ms total)
T0438 1265:532 JLINK_ReadReg(CONTROL)  returns 0x00000000 (0000ms, 4563ms total)
T0438 1265:542 JLINK_Reset() -- CPU_ReadMem(16 bytes @ 0x20000000) -- CPU_WriteMem(16 bytes @ 0x20000000) -- CPU_ReadMem(4 bytes @ 0xE000EDFC) -- CPU_WriteMem(4 bytes @ 0xE000EDFC) -- CPU_ReadMem(4 bytes @ 0xE0001000) -- CPU_WriteMem(4 bytes @ 0xE000ED0C) -- CPU_ReadMem(4 bytes @ 0xE000EDF0) -- CPU_ReadMem(4 bytes @ 0xE000EDF0) -- CPU_WriteMem(4 bytes @ 0xE000EDFC) -- CPU_WriteMem(16 bytes @ 0x20000000) -- CPU_WriteMem(4 bytes @ 0xE0002000) -- CPU_ReadMem(4 bytes @ 0xE000EDFC)
 -- CPU_ReadMem(4 bytes @ 0xE0001000) (0027ms, 4590ms total)
T15D4 1265:569 JLINK_IsHalted()  returns TRUE (0000ms, 4590ms total)
T15D4 1265:569 JLINK_GetMOEs(...) -- CPU_ReadMem(4 bytes @ 0xE000ED30)  returns 0x01 (0000ms, 4590ms total)
T15D4 1265:569 JLINK_ReadReg(R15 (PC))  returns 0x00403F28 (0000ms, 4590ms total)
T0438 1265:580 JLINK_ReadReg(R15 (PC))  returns 0x00403F28 (0000ms, 4590ms total)
T0438 1265:580 JLINK_ReadReg(R13 (SP))  returns 0x20000AF8 (0000ms, 4590ms total)
T0438 1265:586 JLINK_ReadMemHW(0x00403F28, 0x0004 Bytes, ...) -- CPU_ReadMem(4 bytes @ 0x00403F28) - Data: 80 B5 82 B0  returns 0x00 (0000ms, 4590ms total)
T0438 1265:598 JLINK_ReadReg(R0)  returns 0x400E1400 (0000ms, 4590ms total)
T0438 1265:598 JLINK_ReadReg(R1)  returns 0x00000000 (0000ms, 4590ms total)
T0438 1265:598 JLINK_ReadReg(R2)  returns 0xA5000004 (0000ms, 4590ms total)
T0438 1265:598 JLINK_ReadReg(R3)  returns 0x20000644 (0000ms, 4590ms total)
T0438 1265:598 JLINK_ReadReg(R4)  returns 0x40E6BFA0 (0000ms, 4590ms total)
T0438 1265:598 JLINK_ReadReg(R5)  returns 0x20000000 (0000ms, 4590ms total)
T0438 1265:598 JLINK_ReadReg(R6)  returns 0x0000A800 (0000ms, 4590ms total)
T0438 1265:598 JLINK_ReadReg(R7)  returns 0x200009F8 (0000ms, 4590ms total)
T0438 1265:598 JLINK_ReadReg(R8)  returns 0x11010412 (0000ms, 4590ms total)
T0438 1265:598 JLINK_ReadReg(R9)  returns 0x00008840 (0000ms, 4590ms total)
T0438 1265:598 JLINK_ReadReg(R10)  returns 0x08402280 (0000ms, 4590ms total)
T0438 1265:598 JLINK_ReadReg(R11)  returns 0x00004040 (0000ms, 4590ms total)
T0438 1265:598 JLINK_ReadReg(R12)  returns 0x0006E032 (0000ms, 4590ms total)
T0438 1265:598 JLINK_ReadReg(R13 (SP))  returns 0x20000AF8 (0000ms, 4590ms total)
T0438 1265:598 JLINK_ReadReg(R14)  returns 0xFFFFFFFF (0000ms, 4590ms total)
T0438 1265:598 JLINK_ReadReg(R15 (PC))  returns 0x00403F28 (0000ms, 4590ms total)
T0438 1265:598 JLINK_ReadReg(XPSR)  returns 0x01000000 (0000ms, 4590ms total)
T0438 1265:598 JLINK_ReadReg(MSP)  returns 0x20000AF8 (0000ms, 4590ms total)
T0438 1265:598 JLINK_ReadReg(PSP)  returns 0x00900000 (0000ms, 4590ms total)
T0438 1265:598 JLINK_ReadReg(PRIMASK)  returns 0x00000000 (0000ms, 4590ms total)
T0438 1265:598 JLINK_ReadReg(BASEPRI)  returns 0x00000000 (0000ms, 4590ms total)
T0438 1265:598 JLINK_ReadReg(FAULTMASK)  returns 0x00000000 (0000ms, 4590ms total)
T0438 1265:598 JLINK_ReadReg(CONTROL)  returns 0x00000000 (0000ms, 4590ms total)
T0438 1265:610 JLINK_ReadMemHW(0x004046A4, 0x0001 Bytes, ...) -- CPU_ReadMem(1 bytes @ 0x004046A4) - Data: B0  returns 0x00 (0001ms, 4591ms total)
T0438 1265:634 JLINK_ReadReg(R15 (PC))  returns 0x00403F28 (0000ms, 4591ms total)
T0438 1265:634 JLINK_GetNumBPUnits(Type = 0xFFFFFF02)  returns 0x06 (0000ms, 4591ms total)
T0438 1265:634 JLINK_SetBPEx(Addr = 0x004046A4, Type = 0xFFFFFFF2)  returns 0x00000001 (0000ms, 4591ms total)
T0438 1265:634 JLINK_GetBPInfo(BPHandle = 1)  returns 0x00 (0000ms, 4591ms total)
T0438 1265:634 JLINK_Go() -- CPU_ReadMem(4 bytes @ 0xE0001000) -- CPU_WriteMem(4 bytes @ 0xE000ED30) -- CPU_WriteMem(4 bytes @ 0xE0002008) -- CPU_WriteMem(4 bytes @ 0xE000200C) -- CPU_WriteMem(4 bytes @ 0xE0002010) -- CPU_WriteMem(4 bytes @ 0xE0002014) -- CPU_WriteMem(4 bytes @ 0xE0002018) -- CPU_WriteMem(4 bytes @ 0xE000201C) -- CPU_WriteMem(4 bytes @ 0xE0001004) (0005ms, 4596ms total)
T15D4 1265:639 JLINK_IsHalted()  returns FALSE (0000ms, 4596ms total)
T15D4 1265:659 JLINK_IsHalted()  returns TRUE (0003ms, 4599ms total)
T15D4 1265:662 JLINK_GetMOEs(...) -- CPU_ReadMem(4 bytes @ 0xE000ED30)  returns 0x01 (0001ms, 4597ms total)
T15D4 1265:663 JLINK_ReadReg(R15 (PC))  returns 0x004046A4 (0000ms, 4597ms total)
T15D4 1265:663 JLINK_WriteU32(0xE000EDFC, 0x01000000) -- CPU_WriteMem(4 bytes @ 0xE000EDFC)  returns 0x00 (0001ms, 4598ms total)
T15D4 1265:664 JLINK_ReadMem (0xE0001000, 0x0004 Bytes, ...) -- CPU_ReadMem(4 bytes @ 0xE0001000) - Data: 01 00 00 40  returns 0x00 (0001ms, 4599ms total)
T15D4 1265:665 JLINK_WriteU32(0xE0001000, 0x40000001)  returns 0x00 (0000ms, 4599ms total)
T15D4 1265:665 JLINK_WriteU32(0xE0001028, 0x00000100)  returns 0x00 (0000ms, 4599ms total)
T15D4 1265:665 JLINK_ReadMem (0xE0001028, 0x0004 Bytes, ...) -- CPU_WriteMem(4 bytes @ 0xE0001028) -- CPU_ReadMem(4 bytes @ 0xE0001028) - Data: 00 00 00 00  returns 0x00 (0001ms, 4600ms total)
T15D4 1265:666 JLINK_WriteU32(0xE0001024, 0x0000001F)  returns 0x00 (0000ms, 4600ms total)
T15D4 1265:666 JLINK_ReadMem (0xE0001024, 0x0004 Bytes, ...) -- CPU_WriteMem(4 bytes @ 0xE0001024) -- CPU_ReadMem(4 bytes @ 0xE0001024) - Data: 0F 00 00 00  returns 0x00 (0002ms, 4602ms total)
T15D4 1265:668 JLINK_WriteU32(0xE0001038, 0x00000100)  returns 0x00 (0000ms, 4602ms total)
T15D4 1265:668 JLINK_ReadMem (0xE0001038, 0x0004 Bytes, ...) -- CPU_WriteMem(4 bytes @ 0xE0001038) -- CPU_ReadMem(4 bytes @ 0xE0001038) - Data: 00 03 00 00  returns 0x00 (0001ms, 4603ms total)
T15D4 1265:669 JLINK_WriteU32(0xE0001034, 0x0000001F)  returns 0x00 (0000ms, 4603ms total)
T15D4 1265:669 JLINK_ReadMem (0xE0001034, 0x0004 Bytes, ...) -- CPU_WriteMem(4 bytes @ 0xE0001034) -- CPU_ReadMem(4 bytes @ 0xE0001034) - Data: 0F 00 00 00  returns 0x00 (0001ms, 4604ms total)
T15D4 1265:670 JLINK_WriteU32(0xE0001048, 0x00000100)  returns 0x00 (0000ms, 4604ms total)
T15D4 1265:670 JLINK_ReadMem (0xE0001048, 0x0004 Bytes, ...) -- CPU_WriteMem(4 bytes @ 0xE0001048) -- CPU_ReadMem(4 bytes @ 0xE0001048) - Data: 00 00 00 00  returns 0x00 (0001ms, 4605ms total)
T15D4 1265:671 JLINK_WriteU32(0xE0001044, 0x0000001F)  returns 0x00 (0000ms, 4605ms total)
T15D4 1265:671 JLINK_ReadMem (0xE0001044, 0x0004 Bytes, ...) -- CPU_WriteMem(4 bytes @ 0xE0001044) -- CPU_ReadMem(4 bytes @ 0xE0001044) - Data: 0F 00 00 00  returns 0x00 (0001ms, 4606ms total)
T15D4 1265:672 JLINK_WriteU32(0xE0001058, 0x00000100)  returns 0x00 (0000ms, 4606ms total)
T15D4 1265:672 JLINK_ReadMem (0xE0001058, 0x0004 Bytes, ...) -- CPU_WriteMem(4 bytes @ 0xE0001058) -- CPU_ReadMem(4 bytes @ 0xE0001058) - Data: 00 00 00 00  returns 0x00 (0001ms, 4607ms total)
T15D4 1265:673 JLINK_WriteU32(0xE0001054, 0x0000001F)  returns 0x00 (0000ms, 4607ms total)
T15D4 1265:673 JLINK_ReadMem (0xE0001054, 0x0004 Bytes, ...) -- CPU_WriteMem(4 bytes @ 0xE0001054) -- CPU_ReadMem(4 bytes @ 0xE0001054) - Data: 0F 00 00 00  returns 0x00 (0001ms, 4608ms total)
T15D4 1265:674 JLINK_WriteU32(0xE0001020, 0x00000000)  returns 0x00 (0000ms, 4608ms total)
T15D4 1265:674 JLINK_WriteU32(0xE0001024, 0x00000000)  returns 0x00 (0000ms, 4608ms total)
T15D4 1265:674 JLINK_WriteU32(0xE0001028, 0x00000000)  returns 0x00 (0000ms, 4608ms total)
T15D4 1265:674 JLINK_WriteU32(0xE0001030, 0x00000000)  returns 0x00 (0000ms, 4608ms total)
T15D4 1265:674 JLINK_WriteU32(0xE0001034, 0x00000000)  returns 0x00 (0000ms, 4608ms total)
T15D4 1265:674 JLINK_WriteU32(0xE0001038, 0x00000000)  returns 0x00 (0000ms, 4608ms total)
T15D4 1265:674 JLINK_WriteU32(0xE0001040, 0x00000000)  returns 0x00 (0000ms, 4608ms total)
T15D4 1265:674 JLINK_WriteU32(0xE0001044, 0x00000000)  returns 0x00 (0000ms, 4608ms total)
T15D4 1265:674 JLINK_WriteU32(0xE0001048, 0x00000000)  returns 0x00 (0000ms, 4608ms total)
T15D4 1265:674 JLINK_WriteU32(0xE0001050, 0x00000000)  returns 0x00 (0000ms, 4608ms total)
T15D4 1265:674 JLINK_WriteU32(0xE0001054, 0x00000000)  returns 0x00 (0000ms, 4608ms total)
T15D4 1265:674 JLINK_WriteU32(0xE0001058, 0x00000000)  returns 0x00 (0000ms, 4608ms total)
T15D4 1265:674 JLINK_GetBPInfo(BPHandle = 1)  returns 0x00 (0000ms, 4608ms total)
T15D4 1265:674 JLINK_ClrBPEx(BPHandle = 0x00000001)  returns 0x00 (0000ms, 4608ms total)
T0438 1265:679 JLINK_ReadReg(R15 (PC))  returns 0x004046A4 (0000ms, 4608ms total)
T0438 1265:679 JLINK_ReadReg(R13 (SP))  returns 0x20000AE8 (0000ms, 4608ms total)
T0438 1265:679 JLINK_ReadMemHW(0x004046A4, 0x0004 Bytes, ...) -- CPU_ReadMem(4 bytes @ 0x004046A4) - Data: B0 B5 B8 B0  returns 0x00 (0001ms, 4609ms total)
T0438 1265:691 JLINK_ReadReg(R15 (PC))  returns 0x004046A4 (0000ms, 4609ms total)
T0438 1265:691 JLINK_Go() -- CPU_WriteMem(4 bytes @ 0xE0001000) -- CPU_ReadMem(4 bytes @ 0xE0001000) -- CPU_WriteMem(4 bytes @ 0xE000ED30) -- CPU_WriteMem(4 bytes @ 0xE0001020) -- CPU_WriteMem(4 bytes @ 0xE0001030) -- CPU_WriteMem(4 bytes @ 0xE0001040) -- CPU_WriteMem(4 bytes @ 0xE0001050) -- CPU_WriteMem(4 bytes @ 0xE0001024) -- CPU_WriteMem(4 bytes @ 0xE0001034) -- CPU_WriteMem(4 bytes @ 0xE0001044) -- CPU_WriteMem(4 bytes @ 0xE0001054) -- CPU_WriteMem(4 bytes @ 0xE0001028)
 -- CPU_WriteMem(4 bytes @ 0xE0001038) -- CPU_WriteMem(4 bytes @ 0xE0001048) -- CPU_WriteMem(4 bytes @ 0xE0001058) -- CPU_WriteMem(4 bytes @ 0xE0002008) (0006ms, 4615ms total)
T15D4 1265:697 JLINK_IsHalted()  returns FALSE (0001ms, 4616ms total)
T15D4 1265:739 JLINK_IsHalted()  returns FALSE (0000ms, 4616ms total)
T15D4 1265:899 JLINK_IsHalted()  returns FALSE (0000ms, 4616ms total)
T15D4 1266:100 JLINK_IsHalted()  returns FALSE (0001ms, 4617ms total)
T15D4 1266:301 JLINK_IsHalted()  returns FALSE (0000ms, 4616ms total)
T15D4 1266:502 JLINK_IsHalted()  returns FALSE (0000ms, 4616ms total)
T15D4 1266:703 JLINK_IsHalted()  returns FALSE (0000ms, 4616ms total)
T15D4 1266:903 JLINK_IsHalted()  returns FALSE (0000ms, 4616ms total)
T15D4 1267:104 JLINK_IsHalted()  returns FALSE (0000ms, 4616ms total)
T15D4 1267:304 JLINK_IsHalted()  returns FALSE (0000ms, 4616ms total)
T15D4 1267:505 JLINK_IsHalted()  returns FALSE (0000ms, 4616ms total)
T15D4 1267:705 JLINK_IsHalted()  returns FALSE (0000ms, 4616ms total)
T15D4 1267:906 JLINK_IsHalted()  returns FALSE (0000ms, 4616ms total)
T15D4 1268:106 JLINK_IsHalted()  returns FALSE (0000ms, 4616ms total)
T15D4 1268:306 JLINK_IsHalted()  returns FALSE (0000ms, 4616ms total)
T15D4 1268:507 JLINK_IsHalted()  returns FALSE (0000ms, 4616ms total)
T15D4 1268:707 JLINK_IsHalted()  returns FALSE (0000ms, 4616ms total)
T15D4 1268:908 JLINK_IsHalted()  returns FALSE (0000ms, 4616ms total)
T15D4 1269:109 JLINK_IsHalted()  returns FALSE (0000ms, 4616ms total)
T15D4 1269:310 JLINK_IsHalted()  returns FALSE (0000ms, 4616ms total)
T15D4 1269:510 JLINK_IsHalted()  returns FALSE (0000ms, 4616ms total)
T15D4 1269:711 JLINK_IsHalted()  returns FALSE (0000ms, 4616ms total)
T15D4 1269:911 JLINK_IsHalted()  returns FALSE (0000ms, 4616ms total)
T15D4 1270:111 JLINK_IsHalted()  returns FALSE (0000ms, 4616ms total)
T15D4 1270:312 JLINK_IsHalted()  returns FALSE (0000ms, 4616ms total)
T15D4 1270:513 JLINK_IsHalted()  returns FALSE (0000ms, 4616ms total)
T15D4 1270:713 JLINK_IsHalted()  returns FALSE (0000ms, 4616ms total)
T15D4 1270:915 JLINK_IsHalted()  returns FALSE (0000ms, 4616ms total)
T15D4 1271:116 JLINK_IsHalted()  returns FALSE (0001ms, 4617ms total)
T15D4 1271:317 JLINK_IsHalted()  returns FALSE (0000ms, 4617ms total)
T15D4 1271:517 JLINK_IsHalted()  returns FALSE (0001ms, 4618ms total)
T15D4 1271:719 JLINK_IsHalted()  returns FALSE (0000ms, 4617ms total)
T15D4 1271:919 JLINK_IsHalted()  returns FALSE (0000ms, 4617ms total)
T15D4 1272:120 JLINK_IsHalted()  returns FALSE (0000ms, 4617ms total)
T15D4 1272:320 JLINK_IsHalted()  returns FALSE (0000ms, 4617ms total)
T15D4 1272:521 JLINK_IsHalted()  returns FALSE (0000ms, 4617ms total)
T15D4 1272:721 JLINK_IsHalted()  returns FALSE (0000ms, 4617ms total)
T15D4 1272:922 JLINK_IsHalted()  returns FALSE (0000ms, 4617ms total)
T15D4 1273:123 JLINK_IsHalted()  returns FALSE (0000ms, 4617ms total)
T15D4 1273:323 JLINK_IsHalted()  returns FALSE (0000ms, 4617ms total)
T15D4 1273:524 JLINK_IsHalted()  returns FALSE (0000ms, 4617ms total)
T15D4 1273:725 JLINK_IsHalted()  returns FALSE (0000ms, 4617ms total)
T15D4 1273:926 JLINK_IsHalted()  returns FALSE (0001ms, 4618ms total)
T15D4 1274:127 JLINK_IsHalted()  returns FALSE (0000ms, 4617ms total)
T15D4 1274:328 JLINK_IsHalted()  returns FALSE (0000ms, 4617ms total)
T15D4 1274:530 JLINK_IsHalted()  returns FALSE (0000ms, 4617ms total)
T15D4 1274:730 JLINK_IsHalted()  returns FALSE (0000ms, 4617ms total)
T15D4 1274:931 JLINK_IsHalted()  returns FALSE (0000ms, 4617ms total)
T15D4 1275:132 JLINK_IsHalted()  returns FALSE (0000ms, 4617ms total)
T15D4 1275:332 JLINK_IsHalted()  returns FALSE (0000ms, 4617ms total)
T15D4 1275:532 JLINK_IsHalted()  returns FALSE (0000ms, 4617ms total)
T15D4 1275:732 JLINK_IsHalted()  returns FALSE (0000ms, 4617ms total)
T15D4 1275:933 JLINK_IsHalted()  returns FALSE (0000ms, 4617ms total)
T15D4 1276:133 JLINK_IsHalted()  returns FALSE (0000ms, 4617ms total)
T15D4 1276:333 JLINK_IsHalted()  returns FALSE (0001ms, 4618ms total)
T15D4 1276:534 JLINK_IsHalted()  returns FALSE (0000ms, 4617ms total)
T15D4 1276:735 JLINK_IsHalted()  returns FALSE (0001ms, 4618ms total)
T15D4 1276:936 JLINK_IsHalted()  returns FALSE (0000ms, 4617ms total)
T15D4 1277:136 JLINK_IsHalted()  returns FALSE (0001ms, 4618ms total)
T15D4 1277:338 JLINK_IsHalted()  returns FALSE (0001ms, 4618ms total)
T15D4 1277:539 JLINK_IsHalted()  returns FALSE (0001ms, 4618ms total)
T15D4 1277:741 JLINK_IsHalted()  returns FALSE (0000ms, 4617ms total)
T15D4 1277:942 JLINK_IsHalted()  returns FALSE (0000ms, 4617ms total)
T15D4 1278:142 JLINK_IsHalted()  returns FALSE (0000ms, 4617ms total)
T15D4 1278:344 JLINK_IsHalted()  returns FALSE (0000ms, 4617ms total)
T15D4 1278:545 JLINK_IsHalted()  returns FALSE (0001ms, 4618ms total)
T0438 1278:610 JLINK_Halt()  returns 0x00 (0003ms, 4620ms total)
T15D4 1278:747 JLINK_IsHalted()  returns TRUE (0000ms, 4620ms total)
T15D4 1278:747 JLINK_GetMOEs(...) -- CPU_ReadMem(4 bytes @ 0xE000ED30)  returns 0x01 (0000ms, 4620ms total)
T15D4 1278:747 JLINK_ReadReg(R15 (PC))  returns 0x00403D10 (0000ms, 4620ms total)
T1AB8 1278:748 JLINK_ResetPullsRESET(ON) (0000ms, 4620ms total)
T1AB8 1278:748 JLINK_ResetNoHalt() >0x2F8 JTAG>TotalIRLen = 4, IRPrint = 0x01 >0x30 JTAG> >0x410 JTAG> >0x70 JTAG> >0x48 JTAG> >0x40 JTAG> >0x48 JTAG>AP-IDR: 0x24770011, Type: AHB-AP >0x78 JTAG> >0x40 JTAG> >0x30 JTAG> >0x40 JTAG> >0x40 JTAG> >0x30 JTAG> >0x40 JTAG> >0x48 JTAG>Found Cortex-M3 r2p0, Little endian. -- CPU_ReadMem(4 bytes @ 0xE000EDF0) -- CPU_ReadMem(4 bytes @ 0xE0002000)FPUnit: 6 code (BP) slots and 2 literal slots -- CPU_ReadMem(4 bytes @ 0xE0001000) -- CPU_ReadMem(4 bytes @ 0xE000ED88)
 -- CPU_WriteMem(4 bytes @ 0xE000ED88) -- CPU_ReadMem(4 bytes @ 0xE000ED88) -- CPU_WriteMem(4 bytes @ 0xE000ED88)CoreSight components:ROMTbl 0 @ E00FF000 -- CPU_ReadMem(16 bytes @ 0xE00FF000) -- CPU_ReadMem(16 bytes @ 0xE000EFF0) -- CPU_ReadMem(16 bytes @ 0xE000EFE0)ROMTbl 0 [0]: FFF0F000, CID: B105E00D, PID: 002BB000 SCS -- CPU_WriteMem(4 bytes @ 0xE0001000) -- CPU_ReadMem(16 bytes @ 0xE0001FF0) -- CPU_ReadMem(16 bytes @ 0xE0001FE0)ROMTbl 0 [1]: FFF02000, CID: B105E00D, PID: 002BB002 DWT
 -- CPU_ReadMem(16 bytes @ 0xE0002FF0) -- CPU_ReadMem(16 bytes @ 0xE0002FE0)ROMTbl 0 [2]: FFF03000, CID: B105E00D, PID: 002BB003 FPB -- CPU_ReadMem(16 bytes @ 0xE0000FF0) -- CPU_ReadMem(16 bytes @ 0xE0000FE0)ROMTbl 0 [3]: FFF01000, CID: B105E00D, PID: 002BB001 ITM -- CPU_ReadMem(16 bytes @ 0xE00FF010) -- CPU_ReadMem(16 bytes @ 0xE0040FF0) -- CPU_ReadMem(16 bytes @ 0xE0040FE0)ROMTbl 0 [4]: FFF41000, CID: B105900D, PID: 002BB923 TPIU-Lite
                JLINK_Reset() -- CPU_ReadMem(16 bytes @ 0x20000000) -- CPU_WriteMem(16 bytes @ 0x20000000) -- CPU_ReadMem(4 bytes @ 0xE000EDFC) -- CPU_WriteMem(4 bytes @ 0xE000EDFC) -- CPU_ReadMem(4 bytes @ 0xE0001000) -- CPU_WriteMem(4 bytes @ 0xE000ED0C) -- CPU_ReadMem(4 bytes @ 0xE000EDF0) -- CPU_ReadMem(4 bytes @ 0xE000EDF0) -- CPU_WriteMem(4 bytes @ 0xE000EDFC) -- CPU_WriteMem(16 bytes @ 0x20000000) -- CPU_WriteMem(4 bytes @ 0xE0002000) -- CPU_ReadMem(4 bytes @ 0xE000EDFC)
 -- CPU_ReadMem(4 bytes @ 0xE0001000) (0026ms, 0026ms total)
                JLINK_Go() -- CPU_ReadMem(4 bytes @ 0xE0001000) -- CPU_WriteMem(4 bytes @ 0xE0002008) -- CPU_WriteMem(4 bytes @ 0xE000200C) -- CPU_WriteMem(4 bytes @ 0xE0002010) -- CPU_WriteMem(4 bytes @ 0xE0002014) -- CPU_WriteMem(4 bytes @ 0xE0002018) -- CPU_WriteMem(4 bytes @ 0xE000201C) -- CPU_WriteMem(4 bytes @ 0xE0001004) (0004ms, 0030ms total)
               (0048ms, 4668ms total)
T1AB8 1278:808 JLINK_Close() -- CPU is running -- CPU_WriteMem(4 bytes @ 0xE0002008) -- CPU is running -- CPU_WriteMem(4 bytes @ 0xE000200C) -- CPU is running -- CPU_WriteMem(4 bytes @ 0xE0002010) -- CPU is running -- CPU_WriteMem(4 bytes @ 0xE0002014) -- CPU is running -- CPU_WriteMem(4 bytes @ 0xE0002018) -- CPU is running -- CPU_WriteMem(4 bytes @ 0xE000201C) >0x08 JTAG> (0009ms, 4677ms total)
T1AB8 1278:808  (0009ms, 4677ms total)
T1AB8 1278:808 Closed (0009ms, 4677ms total)
